Line 18: Class MSDataGridLib.DataGrid of control DataGrid1 was not a loaded control class.
Line 83: Class MSDataGridLib.DataGrid of control DataGrid2 was not a loaded control class.
Line 230: Class MSAdodcLib.Adodc of control Adodc1 was not a loaded control class.
Line 508: Class MSAdodcLib.Adodc of control Adodc2 was not a loaded control class.
Line 24: The property name _ExtentX in DataGrid1 is invalid.
Line 25: The property name _ExtentY in DataGrid1 is invalid.
Line 26: The property name _Version in DataGrid1 is invalid.
Line 27: The property name HeadLines in DataGrid1 is invalid.
Line 28: The property name RowHeight in DataGrid1 is invalid.
Line 37: The property name HeadFont in DataGrid1 is invalid.
Line 47: The property name Caption in DataGrid1 is invalid.
Line 48: The property name ColumnCount in DataGrid1 is invalid.
Line 61: The property name Column00 in DataGrid1 is invalid.
Line 74: The property name Column01 in DataGrid1 is invalid.
Line 75: The property name SplitCount in DataGrid1 is invalid.
Line 81: The property name Split0 in DataGrid1 is invalid.
Line 89: The property name _ExtentX in DataGrid2 is invalid.
Line 90: The property name _ExtentY in DataGrid2 is invalid.
Line 91: The property name _Version in DataGrid2 is invalid.
Line 92: The property name AllowUpdate in DataGrid2 is invalid.
Line 95: The property name HeadLines in DataGrid2 is invalid.
Line 96: The property name RowHeight in DataGrid2 is invalid.
Line 105: The property name HeadFont in DataGrid2 is invalid.
Line 115: The property name ColumnCount in DataGrid2 is invalid.
Line 128: The property name Column00 in DataGrid2 is invalid.
Line 141: The property name Column01 in DataGrid2 is invalid.
Line 142: The property name SplitCount in DataGrid2 is invalid.
Line 148: The property name Split0 in DataGrid2 is invalid.
Line 235: The property name _ExtentX in Adodc1 is invalid.
Line 236: The property name _ExtentY in Adodc1 is invalid.
Line 237: The property name ConnectMode in Adodc1 is invalid.
Line 238: The property name CursorLocation in Adodc1 is invalid.
Line 239: The property name IsolationLevel in Adodc1 is invalid.
Line 240: The property name ConnectionTimeout in Adodc1 is invalid.
Line 241: The property name CommandTimeout in Adodc1 is invalid.
Line 242: The property name CursorType in Adodc1 is invalid.
Line 243: The property name LockType in Adodc1 is invalid.
Line 244: The property name CommandType in Adodc1 is invalid.
Line 245: The property name CursorOptions in Adodc1 is invalid.
Line 246: The property name CacheSize in Adodc1 is invalid.
Line 247: The property name MaxRecords in Adodc1 is invalid.
Line 248: The property name BOFAction in Adodc1 is invalid.
Line 249: The property name EOFAction in Adodc1 is invalid.
Line 250: The property name ConnectStringType in Adodc1 is invalid.
Line 254: The property name Orientation in Adodc1 is invalid.
Line 256: The property name Connect in Adodc1 is invalid.
Line 257: The property name OLEDBString in Adodc1 is invalid.
Line 258: The property name OLEDBFile in Adodc1 is invalid.
Line 259: The property name DataSourceName in Adodc1 is invalid.
Line 260: The property name OtherAttributes in Adodc1 is invalid.
Line 261: The property name UserName in Adodc1 is invalid.
Line 262: The property name Password in Adodc1 is invalid.
Line 263: The property name RecordSource in Adodc1 is invalid.
Line 264: The property name Caption in Adodc1 is invalid.
Line 274: The property name _Version in Adodc1 is invalid.
Line 513: The property name _ExtentX in Adodc2 is invalid.
Line 514: The property name _ExtentY in Adodc2 is invalid.
Line 515: The property name ConnectMode in Adodc2 is invalid.
Line 516: The property name CursorLocation in Adodc2 is invalid.
Line 517: The property name IsolationLevel in Adodc2 is invalid.
Line 518: The property name ConnectionTimeout in Adodc2 is invalid.
Line 519: The property name CommandTimeout in Adodc2 is invalid.
Line 520: The property name CursorType in Adodc2 is invalid.
Line 521: The property name LockType in Adodc2 is invalid.
Line 522: The property name CommandType in Adodc2 is invalid.
Line 523: The property name CursorOptions in Adodc2 is invalid.
Line 524: The property name CacheSize in Adodc2 is invalid.
Line 525: The property name MaxRecords in Adodc2 is invalid.
Line 526: The property name BOFAction in Adodc2 is invalid.
Line 527: The property name EOFAction in Adodc2 is invalid.
Line 528: The property name ConnectStringType in Adodc2 is invalid.
Line 532: The property name Orientation in Adodc2 is invalid.
Line 534: The property name Connect in Adodc2 is invalid.
Line 535: The property name OLEDBString in Adodc2 is invalid.
Line 536: The property name OLEDBFile in Adodc2 is invalid.
Line 537: The property name DataSourceName in Adodc2 is invalid.
Line 538: The property name OtherAttributes in Adodc2 is invalid.
Line 539: The property name UserName in Adodc2 is invalid.
Line 540: The property name Password in Adodc2 is invalid.
Line 541: The property name RecordSource in Adodc2 is invalid.
Line 542: The property name Caption in Adodc2 is invalid.
Line 552: The property name _Version in Adodc2 is invalid.
